============================= test session starts =============================
platform win32 -- Python 3.13.7, pytest-9.0.2, pluggy-1.6.0 -- C:\Users\NIMISH\AppData\Local\Programs\Python\Python313\python.exe
cachedir: .pytest_cache
rootdir: E:\flask-rest-api-starter
configfile: pytest.ini
collecting ... collected 6 items

tests/auth/test_register.py::test_register_invalid_field_values[invalid-email-password123-testuser-invalid email format] PASSED [ 16%]
tests/auth/test_register.py::test_register_invalid_field_values[test@example.com-12345-testuser-short password] PASSED [ 33%]
tests/auth/test_register.py::test_register_invalid_field_values[test@example.com-password123-ab-short username] PASSED [ 50%]
tests/auth/test_register.py::test_register_invalid_field_values[-password123-testuser-empty email] PASSED [ 66%]
tests/auth/test_register.py::test_register_invalid_field_values[test@example.com--testuser-empty password] PASSED [ 83%]
tests/auth/test_register.py::test_register_invalid_field_values[test@example.com-password123--empty username] PASSED [100%]

============================== 6 passed in 0.06s ==============================
